<?xml version="1.0" encoding="UTF-8"?>
<testsuite name="hello.zipkin.controller.TestLogRestControllerTest" tests="1" skipped="0" failures="0" errors="0" timestamp="2020-12-27T19:20:33" hostname="EPBYGROW0371" time="0.341">
  <properties/>
  <testcase name="getHello()" classname="hello.zipkin.controller.TestLogRestControllerTest" time="0.341"/>
  <system-out><![CDATA[22:20:29.104 [Test worker] DEBUG org.springframework.test.context.BootstrapUtils - Instantiating CacheAwareContextLoaderDelegate from class [org.springframework.test.context.cache.DefaultCacheAwareContextLoaderDelegate]
22:20:29.118 [Test worker] DEBUG org.springframework.test.context.BootstrapUtils - Instantiating BootstrapContext using constructor [public org.springframework.test.context.support.DefaultBootstrapContext(java.lang.Class,org.springframework.test.context.CacheAwareContextLoaderDelegate)]
22:20:29.153 [Test worker] DEBUG org.springframework.test.context.BootstrapUtils - Instantiating TestContextBootstrapper for test class [hello.zipkin.controller.TestLogRestControllerTest] from class [org.springframework.boot.test.context.SpringBootTestContextBootstrapper]
22:20:29.166 [Test worker] INFO org.springframework.boot.test.context.SpringBootTestContextBootstrapper - Neither @ContextConfiguration nor @ContextHierarchy found for test class [hello.zipkin.controller.TestLogRestControllerTest], using SpringBootContextLoader
22:20:29.170 [Test worker] DEBUG org.springframework.test.context.support.AbstractContextLoader - Did not detect default resource location for test class [hello.zipkin.controller.TestLogRestControllerTest]: class path resource [hello/zipkin/controller/TestLogRestControllerTest-context.xml] does not exist
22:20:29.170 [Test worker] DEBUG org.springframework.test.context.support.AbstractContextLoader - Did not detect default resource location for test class [hello.zipkin.controller.TestLogRestControllerTest]: class path resource [hello/zipkin/controller/TestLogRestControllerTestContext.groovy] does not exist
22:20:29.170 [Test worker] INFO org.springframework.test.context.support.AbstractContextLoader - Could not detect default resource locations for test class [hello.zipkin.controller.TestLogRestControllerTest]: no resource found for suffixes {-context.xml, Context.groovy}.
22:20:29.171 [Test worker] INFO org.springframework.test.context.support.AnnotationConfigContextLoaderUtils - Could not detect default configuration classes for test class [hello.zipkin.controller.TestLogRestControllerTest]: TestLogRestControllerTest does not declare any static, non-private, non-final, nested classes annotated with @Configuration.
22:20:29.231 [Test worker] DEBUG org.springframework.test.context.support.ActiveProfilesUtils - Could not find an 'annotation declaring class' for annotation type [org.springframework.test.context.ActiveProfiles] and class [hello.zipkin.controller.TestLogRestControllerTest]
22:20:29.295 [Test worker] DEBUG org.springframework.context.annotation.ClassPathScanningCandidateComponentProvider - Identified candidate component class: file [C:\work_environment\research\gs-spring-boot-docker\initial\zipkin-stream-module\build\classes\java\main\hello\zipkin\ZepkinApplication.class]
22:20:29.297 [Test worker] INFO org.springframework.boot.test.context.SpringBootTestContextBootstrapper - Found @SpringBootConfiguration hello.zipkin.ZepkinApplication for test class hello.zipkin.controller.TestLogRestControllerTest
22:20:29.390 [Test worker] DEBUG org.springframework.boot.test.context.SpringBootTestContextBootstrapper - @TestExecutionListeners is not present for class [hello.zipkin.controller.TestLogRestControllerTest]: using defaults.
22:20:29.391 [Test worker] INFO org.springframework.boot.test.context.SpringBootTestContextBootstrapper - Loaded default TestExecutionListener class names from location [META-INF/spring.factories]: [org.springframework.boot.test.autoconfigure.restdocs.RestDocsTestExecutionListener, org.springframework.boot.test.autoconfigure.web.client.MockRestServiceServerResetTestExecutionListener, org.springframework.boot.test.autoconfigure.web.servlet.MockMvcPrintOnlyOnFailureTestExecutionListener, org.springframework.boot.test.autoconfigure.web.servlet.WebDriverTestExecutionListener, org.springframework.boot.test.autoconfigure.webservices.client.MockWebServiceServerTestExecutionListener, org.springframework.boot.test.mock.mockito.MockitoTestExecutionListener, org.springframework.boot.test.mock.mockito.ResetMocksTestExecutionListener, org.springframework.test.context.web.ServletTestExecutionListener, org.springframework.test.context.support.DirtiesContextBeforeModesTestExecutionListener, org.springframework.test.context.support.DependencyInjectionTestExecutionListener, org.springframework.test.context.support.DirtiesContextTestExecutionListener, org.springframework.test.context.transaction.TransactionalTestExecutionListener, org.springframework.test.context.jdbc.SqlScriptsTestExecutionListener, org.springframework.test.context.event.EventPublishingTestExecutionListener]
22:20:29.402 [Test worker] DEBUG org.springframework.boot.test.context.SpringBootTestContextBootstrapper - Skipping candidate TestExecutionListener [org.springframework.test.context.transaction.TransactionalTestExecutionListener] due to a missing dependency. Specify custom listener classes or make the default listener classes and their required dependencies available. Offending class: [org/springframework/transaction/interceptor/TransactionAttributeSource]
22:20:29.403 [Test worker] DEBUG org.springframework.boot.test.context.SpringBootTestContextBootstrapper - Skipping candidate TestExecutionListener [org.springframework.test.context.jdbc.SqlScriptsTestExecutionListener] due to a missing dependency. Specify custom listener classes or make the default listener classes and their required dependencies available. Offending class: [org/springframework/transaction/interceptor/TransactionAttribute]
22:20:29.403 [Test worker] INFO org.springframework.boot.test.context.SpringBootTestContextBootstrapper - Using TestExecutionListeners: [org.springframework.test.context.web.ServletTestExecutionListener@7debcbf8, org.springframework.test.context.support.DirtiesContextBeforeModesTestExecutionListener@fa2a1a0, org.springframework.boot.test.mock.mockito.MockitoTestExecutionListener@40861ed7, org.springframework.boot.test.autoconfigure.SpringBootDependencyInjectionTestExecutionListener@5c15a4da, org.springframework.test.context.support.DirtiesContextTestExecutionListener@7f8210ab, org.springframework.test.context.event.EventPublishingTestExecutionListener@6537115a, org.springframework.boot.test.autoconfigure.restdocs.RestDocsTestExecutionListener@1537cb8d, org.springframework.boot.test.autoconfigure.web.client.MockRestServiceServerResetTestExecutionListener@64f58e85, org.springframework.boot.test.autoconfigure.web.servlet.MockMvcPrintOnlyOnFailureTestExecutionListener@b9dddf8, org.springframework.boot.test.autoconfigure.web.servlet.WebDriverTestExecutionListener@56fdb010, org.springframework.boot.test.autoconfigure.webservices.client.MockWebServiceServerTestExecutionListener@7d3d72e1, org.springframework.boot.test.mock.mockito.ResetMocksTestExecutionListener@35f44a65]
22:20:29.407 [Test worker] DEBUG org.springframework.test.context.support.AbstractDirtiesContextTestExecutionListener - Before test class: context [DefaultTestContext@258a1118 testClass = TestLogRestControllerTest, testInstance = [null], testMethod = [null], testException = [null], mergedContextConfiguration = [WebMergedContextConfiguration@1338ae testClass = TestLogRestControllerTest, locations = '{}', classes = '{class hello.zipkin.ZepkinApplication}', contextInitializerClasses = '[]', activeProfiles = '{}', propertySourceLocations = '{}', propertySourceProperties = '{org.springframework.boot.test.context.SpringBootTestContextBootstrapper=true}', contextCustomizers = set[org.springframework.boot.test.autoconfigure.actuate.metrics.MetricsExportContextCustomizerFactory$DisableMetricExportContextCustomizer@27658f51, org.springframework.boot.test.autoconfigure.properties.PropertyMappingContextCustomizer@4b3fa0b3, org.springframework.boot.test.autoconfigure.web.servlet.WebDriverContextCustomizerFactory$Customizer@7bd5b057, [ImportsContextCustomizer@1162ae66 key = [org.springframework.boot.test.autoconfigure.web.servlet.MockMvcAutoConfiguration, org.springframework.boot.test.autoconfigure.web.servlet.MockMvcWebClientAutoConfiguration, org.springframework.boot.test.autoconfigure.web.servlet.MockMvcWebDriverAutoConfiguration, org.springframework.boot.autoconfigure.security.oauth2.client.servlet.OAuth2ClientAutoConfiguration, org.springframework.boot.autoconfigure.security.oauth2.resource.servlet.OAuth2ResourceServerAutoConfiguration, org.springframework.boot.autoconfigure.security.servlet.SecurityAutoConfiguration, org.springframework.boot.autoconfigure.security.servlet.SecurityFilterAutoConfiguration, org.springframework.boot.autoconfigure.security.servlet.UserDetailsServiceAutoConfiguration, org.springframework.boot.test.autoconfigure.web.servlet.MockMvcSecurityConfiguration]], org.springframework.boot.test.context.filter.ExcludeFilterContextCustomizer@1b92aa4d, org.springframework.boot.test.json.DuplicateJsonObjectContextCustomizerFactory$DuplicateJsonObjectContextCustomizer@7b0a8029, org.springframework.boot.test.mock.mockito.MockitoContextCustomizer@0, org.springframework.boot.test.web.client.TestRestTemplateContextCustomizer@259b3072, org.springframework.boot.test.context.SpringBootTestArgs@1, org.springframework.boot.test.context.SpringBootTestWebEnvironment@1728d75e], resourceBasePath = 'src/main/webapp', contextLoader = 'org.springframework.boot.test.context.SpringBootContextLoader', parent = [null]], attributes = map['org.springframework.test.context.web.ServletTestExecutionListener.activateListener' -> true]], class annotated with @DirtiesContext [false] with mode [null].
22:20:29.442 [Test worker] DEBUG org.springframework.test.context.support.TestPropertySourceUtils - Adding inlined properties to environment: {spring.jmx.enabled=false, org.springframework.boot.test.context.SpringBootTestContextBootstrapper=true}

  .   ____          _            __ _ _
 /\\ / ___'_ __ _ _(_)_ __  __ _ \ \ \ \
( ( )\___ | '_ | '_| | '_ \/ _` | \ \ \ \
 \\/  ___)| |_)| | | | | || (_| |  ) ) ) )
  '  |____| .__|_| |_|_| |_\__, | / / / /
 =========|_|==============|___/=/_/_/_/
 :: Spring Boot ::                (v2.4.1)

2020-12-27 22:20:29.930  INFO [zipkin-server1,,] 16084 --- [    Test worker] h.z.c.TestLogRestControllerTest          : Starting TestLogRestControllerTest using Java 1.8.0_181 on EPBYGROW0371 with PID 16084 (started by Vasili_Yanushkevich in C:\work_environment\research\gs-spring-boot-docker\initial\zipkin-stream-module)
2020-12-27 22:20:29.932  INFO [zipkin-server1,,] 16084 --- [    Test worker] h.z.c.TestLogRestControllerTest          : No active profile set, falling back to default profiles: default
2020-12-27 22:20:30.773  INFO [zipkin-server1,,] 16084 --- [    Test worker] o.s.cloud.context.scope.GenericScope     : BeanFactory id=1fecf127-7e35-31dc-ad8b-483e33b40e15
2020-12-27 22:20:31.794  INFO [zipkin-server1,,] 16084 --- [    Test worker] o.s.s.concurrent.ThreadPoolTaskExecutor  : Initializing ExecutorService 'applicationTaskExecutor'
2020-12-27 22:20:32.755  INFO [zipkin-server1,,] 16084 --- [    Test worker] o.s.b.t.m.w.SpringBootMockServletContext : Initializing Spring TestDispatcherServlet ''
2020-12-27 22:20:32.755  INFO [zipkin-server1,,] 16084 --- [    Test worker] o.s.t.web.servlet.TestDispatcherServlet  : Initializing Servlet ''
2020-12-27 22:20:32.757  INFO [zipkin-server1,,] 16084 --- [    Test worker] o.s.t.web.servlet.TestDispatcherServlet  : Completed initialization in 1 ms
2020-12-27 22:20:33.313  INFO [zipkin-server1,,] 16084 --- [    Test worker] h.z.c.TestLogRestControllerTest          : Started TestLogRestControllerTest in 3.864 seconds (JVM running for 5.059)
2020-12-27 22:20:33.636  INFO [zipkin-server1,95bbebdbf0d0a0ad,95bbebdbf0d0a0ad] 16084 --- [    Test worker] h.z.controller.TestLogRestController     : Published current thread Test worker
]]></system-out>
  <system-err><![CDATA[]]></system-err>
</testsuite>
